Arguments: 
  C:\Program Files\nodejs\node.exe C:\Program Files (x86)\Yarn\bin\yarn.js add --dev babel-reset-stage-2

PATH: 
  C:\ProgramData\DockerDesktop\version-bin;C:\Program Files\Docker\Docker\Resources\bin;C:\Python27\;C:\Python27\Scripts;C:\Windows\system32;C:\Windows;C:\Windows\System32\Wbem;C:\Windows\System32\WindowsPowerShell\v1.0\;C:\Windows\System32\OpenSSH\;C:\Program Files\Git\cmd;C:\PostgreSQL\pg11\bin;C:\ProgramData\chocolatey\bin;%NVM_HOME%;%NVM_SYMLINK%;C:\Program Files (x86)\Yarn\bin\;D:\prace\putty\;C:\Users\tom\AppData\Local\Microsoft\WindowsApps;C:\Users\tom\AppData\Local\Programs\Microsoft VS Code\bin;C:\Program Files\heroku\bin;C:\Users\tom\AppData\Roaming\npm;C:\Users\tom\AppData\Roaming\nvm;C:\Program Files\nodejs;C:\Users\tom\AppData\Local\Yarn\bin;C:\Program Files\OpenSSL-Win64\bin;

Yarn version: 
  1.16.0

Node version: 
  10.15.3

Platform: 
  win32 x64

Trace: 
  Error: https://registry.yarnpkg.com/babel-reset-stage-2: Not found
      at Request.params.callback [as _callback] (C:\Program Files (x86)\Yarn\lib\cli.js:65200:18)
      at Request.self.callback (C:\Program Files (x86)\Yarn\lib\cli.js:129590:22)
      at Request.emit (events.js:189:13)
      at Request.<anonymous> (C:\Program Files (x86)\Yarn\lib\cli.js:130562:10)
      at Request.emit (events.js:189:13)
      at IncomingMessage.<anonymous> (C:\Program Files (x86)\Yarn\lib\cli.js:130484:12)
      at Object.onceWrapper (events.js:277:13)
      at IncomingMessage.emit (events.js:194:15)
      at endReadableNT (_stream_readable.js:1125:12)
      at process._tickCallback (internal/process/next_tick.js:63:19)

npm manifest: 
  {
    "name": "vue-cli",
    "description": "A Vue.js project",
    "author": "Maximilian Schwarzmüller <mblacky0@gmail.com>",
    "private": true,
    "scripts": {
      "dev": "cross-env NODE_ENV=development webpack-dev-server --open --inline --hot",
      "build": "cross-env NODE_ENV=production webpack --progress --hide-modules"
    },
    "dependencies": {
      "bootstrap": "^3.3.7",
      "vue": "^2.0.1"
    },
    "devDependencies": {
      "babel-core": "^6.0.0",
      "babel-loader": "^6.0.0",
      "babel-preset-es2015": "^6.0.0",
      "cross-env": "^3.0.0",
      "css-loader": "^0.25.0",
      "file-loader": "^0.9.0",
      "vue-loader": "^9.7.0",
      "webpack": "2.1.0-beta.25",
      "webpack-dev-server": "2.1.0-beta.0"
    }
  }

yarn manifest: 
  No manifest

Lockfile: 
  No lockfile
